NAMESPACE            NAME                                             READY   STATUS      RESTARTS   AGE
ingress-nginx        pod/ingress-nginx-admission-create-6jkn4         0/1     Completed   0          15m
ingress-nginx        pod/ingress-nginx-admission-patch-8jsjl          0/1     Completed   0          15m
ingress-nginx        pod/ingress-nginx-controller-867bbcb78-flm6l     1/1     Running     0          15m
kube-system          pod/coredns-6f6b679f8f-m54qd                     1/1     Running     0          20m
kube-system          pod/coredns-6f6b679f8f-qrttl                     1/1     Running     0          20m
kube-system          pod/etcd-kind-control-plane                      1/1     Running     0          20m
kube-system          pod/kindnet-6lcd2                                1/1     Running     0          20m
kube-system          pod/kindnet-6n68v                                1/1     Running     0          20m
kube-system          pod/kindnet-6xvsd                                1/1     Running     0          20m
kube-system          pod/kindnet-h5rdq                                1/1     Running     0          20m
kube-system          pod/kindnet-l9q6d                                1/1     Running     0          20m
kube-system          pod/kindnet-w24l2                                1/1     Running     0          20m
kube-system          pod/kindnet-wk6ff                                1/1     Running     0          20m
kube-system          pod/kube-apiserver-kind-control-plane            1/1     Running     0          20m
kube-system          pod/kube-controller-manager-kind-control-plane   1/1     Running     0          20m
kube-system          pod/kube-proxy-5bcpz                             1/1     Running     0          20m
kube-system          pod/kube-proxy-b7prg                             1/1     Running     0          20m
kube-system          pod/kube-proxy-bqf95                             1/1     Running     0          20m
kube-system          pod/kube-proxy-dpm6x                             1/1     Running     0          20m
kube-system          pod/kube-proxy-kgntp                             1/1     Running     0          20m
kube-system          pod/kube-proxy-rmt69                             1/1     Running     0          20m
kube-system          pod/kube-proxy-z8b8n                             1/1     Running     0          20m
kube-system          pod/kube-scheduler-kind-control-plane            1/1     Running     0          20m
local-path-storage   pod/local-path-provisioner-57c5987fd4-4nfb8      1/1     Running     0          20m
mysql                pod/mysql-0                                      1/1     Running     0          15m
mysql                pod/mysql-1                                      1/1     Running     0          14m
todoapp              pod/todoapp-6d7fcdf9b8-pcgqs                     1/1     Running     0          7m31s

NAMESPACE       NAME                                         TYPE        CLUSTER-IP     EXTERNAL-IP   PORT(S)                      AGE
default         service/kubernetes                           ClusterIP   10.96.0.1      <none>        443/TCP                      20m
ingress-nginx   service/ingress-nginx-controller             NodePort    10.96.116.29   <none>        80:30735/TCP,443:32612/TCP   15m
ingress-nginx   service/ingress-nginx-controller-admission   ClusterIP   10.96.99.155   <none>        443/TCP                      15m
kube-system     service/kube-dns                             ClusterIP   10.96.0.10     <none>        53/UDP,53/TCP,9153/TCP       20m
mysql           service/mysql-service                        ClusterIP   None           <none>        3306/TCP                     15m
todoapp         service/todoapp-nodeport                     NodePort    10.96.37.92    <none>        80:30007/TCP                 15m
todoapp         service/todoapp-service                      ClusterIP   10.96.13.184   <none>        80/TCP                       15m

NAMESPACE     NAME                        DESIRED   CURRENT   READY   UP-TO-DATE   AVAILABLE   NODE SELECTOR            AGE
kube-system   daemonset.apps/kindnet      7         7         7       7            7           kubernetes.io/os=linux   20m
kube-system   daemonset.apps/kube-proxy   7         7         7       7            7           kubernetes.io/os=linux   20m

NAMESPACE            NAME                                       READY   UP-TO-DATE   AVAILABLE   AGE
ingress-nginx        deployment.apps/ingress-nginx-controller   1/1     1            1           15m
kube-system          deployment.apps/coredns                    2/2     2            2           20m
local-path-storage   deployment.apps/local-path-provisioner     1/1     1            1           20m
todoapp              deployment.apps/todoapp                    1/1     1            1           15m

NAMESPACE            NAME                                                 DESIRED   CURRENT   READY   AGE
ingress-nginx        replicaset.apps/ingress-nginx-controller-867bbcb78   1         1         1       15m
kube-system          replicaset.apps/coredns-6f6b679f8f                   2         2         2       20m
local-path-storage   replicaset.apps/local-path-provisioner-57c5987fd4    1         1         1       20m
todoapp              replicaset.apps/todoapp-6986d797b8                   0         0         0       15m
todoapp              replicaset.apps/todoapp-6d7fcdf9b8                   1         1         1       12m
todoapp              replicaset.apps/todoapp-f6b5ccbfc                    0         0         0       13m

NAMESPACE   NAME                     READY   AGE
mysql       statefulset.apps/mysql   2/2     15m

NAMESPACE   NAME                                              REFERENCE                       TARGETS                                     MINPODS   MAXPODS   REPLICAS   AGE
todoapp     horizontalpodautoscaler.autoscaling/todoapp-hpa   Deployment/todoapp-deployment   cpu: <unknown>/70%, memory: <unknown>/70%   2         5         0          15m

NAMESPACE       NAME                                       STATUS     COMPLETIONS   DURATION   AGE
ingress-nginx   job.batch/ingress-nginx-admission-create   Complete   1/1           3s         15m
ingress-nginx   job.batch/ingress-nginx-admission-patch    Complete   1/1           32s        15m

NAMESPACE            NAME                                                             DATA   AGE
default              configmap/kube-root-ca.crt                                       1      20m
ingress-nginx        configmap/ingress-nginx-controller                               0      15m
ingress-nginx        configmap/kube-root-ca.crt                                       1      15m
kube-node-lease      configmap/kube-root-ca.crt                                       1      20m
kube-public          configmap/cluster-info                                           2      20m
kube-public          configmap/kube-root-ca.crt                                       1      20m
kube-system          configmap/coredns                                                1      20m
kube-system          configmap/extension-apiserver-authentication                     6      20m
kube-system          configmap/kube-apiserver-legacy-service-account-token-tracking   1      20m
kube-system          configmap/kube-proxy                                             2      20m
kube-system          configmap/kube-root-ca.crt                                       1      20m
kube-system          configmap/kubeadm-config                                         1      20m
kube-system          configmap/kubelet-config                                         1      20m
local-path-storage   configmap/kube-root-ca.crt                                       1      20m
local-path-storage   configmap/local-path-config                                      4      20m
mysql                configmap/kube-root-ca.crt                                       1      15m
mysql                configmap/mysql-config                                           1      15m
todoapp              configmap/kube-root-ca.crt                                       1      15m
todoapp              configmap/todoapp-config                                         1      15m

NAMESPACE       NAME                                           TYPE                            DATA   AGE
default         secret/sh.helm.release.v1.todoapp-release.v1   helm.sh/release.v1              1      15m
default         secret/sh.helm.release.v1.todoapp-release.v2   helm.sh/release.v1              1      13m
default         secret/sh.helm.release.v1.todoapp-release.v3   helm.sh/release.v1              1      12m
default         secret/sh.helm.release.v1.todoapp-release.v4   helm.sh/release.v1              1      8m
ingress-nginx   secret/ingress-nginx-admission                 Opaque                          3      15m
kube-system     secret/bootstrap-token-abcdef                  bootstrap.kubernetes.io/token   6      20m
mysql           secret/mysql-secrets                           Opaque                          3      15m
todoapp         secret/todoapp-secret                          Opaque                          5      15m

NAMESPACE   NAME                                        CLASS    HOSTS   ADDRESS     PORTS   AGE
todoapp     ingress.networking.k8s.io/todoapp-ingress   <none>   *       localhost   80      15m
